#
# There is insufficient memory for the Java Runtime Environment to continue.
# Native memory allocation (mmap) failed to map 132120576 bytes for G1 virtual space
# Possible reasons:
#   The system is out of physical RAM or swap space
#   The process is running with CompressedOops enabled, and the Java Heap may be blocking the growth of the native heap
# Possible solutions:
#   Reduce memory load on the system
#   Increase physical memory or swap space
#   Check if swap backing store is full
#   Decrease Java heap size (-Xmx/-Xms)
#   Decrease number of Java threads
#   Decrease Java thread stack sizes (-Xss)
#   Set larger code cache with -XX:ReservedCodeCacheSize=
#   JVM is running with Unscaled Compressed Oops mode in which the Java heap is
#     placed in the first 4GB address space. The Java Heap base address is the
#     maximum limit for the native heap growth. Please use -XX:HeapBaseMinAddress
#     to set the Java Heap base and to place the Java Heap above 4GB virtual address.
# This output file may be truncated or incomplete.
#
#  Out of Memory Error (os_windows.cpp:3613), pid=17152, tid=8176
#
# JRE version:  (17.0.9+9) (build )
# Java VM: OpenJDK 64-Bit Server VM (17.0.9+9, mixed mode, sharing, tiered, compressed oops, compressed class ptrs, g1 gc, windows-amd64)
# No core dump will be written. Minidumps are not enabled by default on client versions of Windows
#

---------------  S U M M A R Y ------------

Command Line: -Dfile.encoding=UTF-8 -Dstdout.encoding=UTF-8 -Dstderr.encoding=UTF-8 --module-path=C:\Users\Vijay\eclipse-workspace\TicketBooking\bin -XX:+ShowCodeDetailsInExceptionMessages -Djdk.module.main=TicketBooking TicketBooking/View.TicketBooking_App

Host: Intel(R) Core(TM) i5-10210U CPU @ 1.60GHz, 8 cores, 7G,  Windows 10 , 64 bit Build 19041 (10.0.19041.3636)
Time: Sun Mar  3 14:50:09 2024 India Standard Time elapsed time: 0.010318 seconds (0d 0h 0m 0s)

---------------  T H R E A D  ---------------

Current thread (0x0000021ee27dd1a0):  JavaThread "Unknown thread" [_thread_in_vm, id=8176, stack(0x000000f53b000000,0x000000f53b100000)]

Stack: [0x000000f53b000000,0x000000f53b100000]
Native frames: (J=compiled Java code, j=interpreted, Vv=VM code, C=native code)
V  [jvm.dll+0x67cf49]
V  [jvm.dll+0x83478a]
V  [jvm.dll+0x83624e]
V  [jvm.dll+0x8368b3]
V  [jvm.dll+0x247f1f]
V  [jvm.dll+0x679d69]
V  [jvm.dll+0x66e6ba]
V  [jvm.dll+0x307e5b]
V  [jvm.dll+0x30f306]
V  [jvm.dll+0x35f0ce]
V  [jvm.dll+0x35f2ff]
V  [jvm.dll+0x2dea58]
V  [jvm.dll+0x2df9c4]
V  [jvm.dll+0x806031]
V  [jvm.dll+0x36cf31]
V  [jvm.dll+0x7e4aac]
V  [jvm.dll+0x3f07af]
V  [jvm.dll+0x3f23e1]
C  [jli.dll+0x528f]
C  [ucrtbase.dll+0x21bb2]
C  [KERNEL32.DLL+0x17344]
C  [ntdll.dll+0x526b1]


---------------  P R O C E S S  ---------------

Threads class SMR info:
_java_thread_list=0x00007ffde8d7ee98, length=0, elements={
}

Java Threads: ( => current thread )

Other Threads:
  0x0000021ee48ba8e0 GCTaskThread "GC Thread#0" [stack: 0x000000f53b100000,0x000000f53b200000] [id=16084]
  0x0000021ee48cb8d0 ConcurrentGCThread "G1 Main Marker" [stack: 0x000000f53b200000,0x000000f53b300000] [id=22156]
  0x0000021ee48cc2f0 ConcurrentGCThread "G1 Conc#0" [stack: 0x000000f53b300000,0x000000f53b400000] [id=19728]

[error occurred during error reporting (printing all threads), id 0xc0000005, EXCEPTION_ACCESS_VIOLATION (0xc0000005) at pc=0x00007ffde853f497]

VM state: not at safepoint (not fully initialized)

VM Mutex/Monitor currently owned by a thread:  ([mutex/lock_event])
[0x0000021ee485e9a0] Heap_lock - owner thread: 0x0000021ee27dd1a0

Heap address: 0x0000000083800000, size: 1992 MB, Compressed Oops mode: 32-bit

CDS archive(s) mapped at: [0x0000000000000000-0x0000000000000000-0x0000000000000000), size 0, SharedBaseAddress: 0x0000000800000000, ArchiveRelocationMode: 1.
Narrow klass base: 0x0000000000000000, Narrow klass shift: 0, Narrow klass range: 0x0

GC Precious Log:
<Empty>

Heap:
 garbage-first heap   total 0K, used 0K [0x0000000083800000, 0x0000000100000000)
  region size 1024K, 0 young (0K), 0 survivors (0K)

[error occurred during error reporting (printing heap information), id 0xc0000005, EXCEPTION_ACCESS_VIOLATION (0xc0000005) at pc=0x00007ffde8926c79]

GC Heap History (0 events):
No events

Dll operation events (1 events):
Event: 0.006 Loaded shared library C:\Users\Vijay\AppData\Local\Temp\eoiC800.tmp\plugins\org.eclipse.justj.openjdk.hotspot.jre.minimal.stripped.win32.x86_64_17.0.9.v20231028-0858\jre\bin\java.dll

Deoptimization events (0 events):
No events

Classes unloaded (0 events):
No events

Classes redefined (0 events):
No events

Internal exceptions (0 events):
No events

VM Operations (0 events):
No events

Events (0 events):
No events


Dynamic libraries:
0x00007ff6d5c10000 - 0x00007ff6d5c1e000 	C:\Users\Vijay\AppData\Local\Temp\eoiC800.tmp\plugins\org.eclipse.justj.openjdk.hotspot.jre.minimal.stripped.win32.x86_64_17.0.9.v20231028-0858\jre\bin\javaw.exe
0x00007ffe4fb70000 - 0x00007ffe4fd68000 	C:\Windows\SYSTEM32\ntdll.dll
0x00007ffe4e6b0000 - 0x00007ffe4e76d000 	C:\Windows\System32\KERNEL32.DLL
0x00007ffe4d310000 - 0x00007ffe4d606000 	C:\Windows\System32\KERNELBASE.dll
0x00007ffe4d890000 - 0x00007ffe4d990000 	C:\Windows\System32\ucrtbase.dll
0x00007ffe44e70000 - 0x00007ffe44e87000 	C:\Users\Vijay\AppData\Local\Temp\eoiC800.tmp\plugins\org.eclipse.justj.openjdk.hotspot.jre.minimal.stripped.win32.x86_64_17.0.9.v20231028-0858\jre\bin\jli.dll
0x00007ffe44e90000 - 0x00007ffe44eab000 	C:\Users\Vijay\AppData\Local\Temp\eoiC800.tmp\plugins\org.eclipse.justj.openjdk.hotspot.jre.minimal.stripped.win32.x86_64_17.0.9.v20231028-0858\jre\bin\VCRUNTIME140.dll
0x00007ffe4f000000 - 0x00007ffe4f19e000 	C:\Windows\System32\USER32.dll
0x00007ffe4d990000 - 0x00007ffe4d9b2000 	C:\Windows\System32\win32u.dll
0x00007ffe47920000 - 0x00007ffe47bba000 	C:\Windows\WinSxS\amd64_microsoft.windows.common-controls_6595b64144ccf1df_6.0.19041.3636_none_60b6a03d71f818d5\COMCTL32.dll
0x00007ffe4ece0000 - 0x00007ffe4ed0b000 	C:\Windows\System32\GDI32.dll
0x00007ffe4fa90000 - 0x00007ffe4fb2e000 	C:\Windows\System32\msvcrt.dll
0x00007ffe4d610000 - 0x00007ffe4d727000 	C:\Windows\System32\gdi32full.dll
0x00007ffe4db10000 - 0x00007ffe4dbad000 	C:\Windows\System32\msvcp_win.dll
0x00007ffe4ede0000 - 0x00007ffe4ee12000 	C:\Windows\System32\IMM32.DLL
0x00007ffe48640000 - 0x00007ffe4864c000 	C:\Users\Vijay\AppData\Local\Temp\eoiC800.tmp\plugins\org.eclipse.justj.openjdk.hotspot.jre.minimal.stripped.win32.x86_64_17.0.9.v20231028-0858\jre\bin\vcruntime140_1.dll
0x00007ffe07390000 - 0x00007ffe0741d000 	C:\Users\Vijay\AppData\Local\Temp\eoiC800.tmp\plugins\org.eclipse.justj.openjdk.hotspot.jre.minimal.stripped.win32.x86_64_17.0.9.v20231028-0858\jre\bin\msvcp140.dll
0x00007ffde8250000 - 0x00007ffde8eb1000 	C:\Users\Vijay\AppData\Local\Temp\eoiC800.tmp\plugins\org.eclipse.justj.openjdk.hotspot.jre.minimal.stripped.win32.x86_64_17.0.9.v20231028-0858\jre\bin\server\jvm.dll
0x00007ffe4e3a0000 - 0x00007ffe4e453000 	C:\Windows\System32\ADVAPI32.dll
0x00007ffe4e300000 - 0x00007ffe4e39f000 	C:\Windows\System32\sechost.dll
0x00007ffe4e470000 - 0x00007ffe4e596000 	C:\Windows\System32\RPCRT4.dll
0x00007ffe4d2e0000 - 0x00007ffe4d307000 	C:\Windows\System32\bcrypt.dll
0x00007ffe480b0000 - 0x00007ffe480b9000 	C:\Windows\SYSTEM32\WSOCK32.dll
0x00007ffe4cfe0000 - 0x00007ffe4d02b000 	C:\Windows\SYSTEM32\POWRPROF.dll
0x00007ffe3ed10000 - 0x00007ffe3ed37000 	C:\Windows\SYSTEM32\WINMM.dll
0x00007ffe4e890000 - 0x00007ffe4e8fb000 	C:\Windows\System32\WS2_32.dll
0x00007ffe481a0000 - 0x00007ffe481aa000 	C:\Windows\SYSTEM32\VERSION.dll
0x00007ffe4cfc0000 - 0x00007ffe4cfd2000 	C:\Windows\SYSTEM32\UMPDC.dll
0x00007ffe4b0e0000 - 0x00007ffe4b0f2000 	C:\Windows\SYSTEM32\kernel.appcore.dll
0x00007ffe46c40000 - 0x00007ffe46c4a000 	C:\Users\Vijay\AppData\Local\Temp\eoiC800.tmp\plugins\org.eclipse.justj.openjdk.hotspot.jre.minimal.stripped.win32.x86_64_17.0.9.v20231028-0858\jre\bin\jimage.dll
0x00007ffe466d0000 - 0x00007ffe468b4000 	C:\Windows\SYSTEM32\DBGHELP.DLL
0x00007ffe46430000 - 0x00007ffe46464000 	C:\Windows\SYSTEM32\dbgcore.DLL
0x00007ffe4da80000 - 0x00007ffe4db02000 	C:\Windows\System32\bcryptPrimitives.dll
0x00007ffe3bfb0000 - 0x00007ffe3bfd5000 	C:\Users\Vijay\AppData\Local\Temp\eoiC800.tmp\plugins\org.eclipse.justj.openjdk.hotspot.jre.minimal.stripped.win32.x86_64_17.0.9.v20231028-0858\jre\bin\java.dll

dbghelp: loaded successfully - version: 4.0.5 - missing functions: none
symbol engine: initialized successfully - sym options: 0x614 - pdb path: .;C:\Users\Vijay\AppData\Local\Temp\eoiC800.tmp\plugins\org.eclipse.justj.openjdk.hotspot.jre.minimal.stripped.win32.x86_64_17.0.9.v20231028-0858\jre\bin;C:\Windows\SYSTEM32;C:\Windows\WinSxS\amd64_microsoft.windows.common-controls_6595b64144ccf1df_6.0.19041.3636_none_60b6a03d71f818d5;C:\Users\Vijay\AppData\Local\Temp\eoiC800.tmp\plugins\org.eclipse.justj.openjdk.hotspot.jre.minimal.stripped.win32.x86_64_17.0.9.v20231028-0858\jre\bin\server

VM Arguments:
jvm_args: -Dfile.encoding=UTF-8 -Dstdout.encoding=UTF-8 -Dstderr.encoding=UTF-8 --module-path=C:\Users\Vijay\eclipse-workspace\TicketBooking\bin -XX:+ShowCodeDetailsInExceptionMessages -Djdk.module.main=TicketBooking 
java_command: TicketBooking/View.TicketBooking_App
java_class_path (initial): <not set>
Launcher Type: SUN_STANDARD

[Global flags]
     intx CICompilerCount                          = 4                                         {product} {ergonomic}
     uint ConcGCThreads                            = 2                                         {product} {ergonomic}
     uint G1ConcRefinementThreads                  = 8                                         {product} {ergonomic}
   size_t G1HeapRegionSize                         = 1048576                                   {product} {ergonomic}
    uintx GCDrainStackTargetSize                   = 64                                        {product} {ergonomic}
   size_t InitialHeapSize                          = 132120576                                 {product} {ergonomic}
   size_t MarkStackSize                            = 4194304                                   {product} {ergonomic}
   size_t MaxHeapSize                              = 2088763392                                {product} {ergonomic}
   size_t MinHeapDeltaBytes                        = 1048576                                   {product} {ergonomic}
   size_t MinHeapSize                              = 8388608                                   {product} {ergonomic}
    uintx NonNMethodCodeHeapSize                   = 5839372                                {pd product} {ergonomic}
    uintx NonProfiledCodeHeapSize                  = 122909434                              {pd product} {ergonomic}
    uintx ProfiledCodeHeapSize                     = 122909434                              {pd product} {ergonomic}
    uintx ReservedCodeCacheSize                    = 251658240                              {pd product} {ergonomic}
     bool SegmentedCodeCache                       = true                                      {product} {ergonomic}
     bool ShowCodeDetailsInExceptionMessages       = true                                   {manageable} {command line}
   size_t SoftMaxHeapSize                          = 2088763392                             {manageable} {ergonomic}
     bool UseCompressedClassPointers               = true                           {product lp64_product} {ergonomic}
     bool UseCompressedOops                        = true                           {product lp64_product} {ergonomic}
     bool UseG1GC                                  = true                                      {product} {ergonomic}
     bool UseLargePagesIndividualAllocation        = false                                  {pd product} {ergonomic}

Logging:
Log output configuration:
 #0: stdout all=warning uptime,level,tags
 #1: stderr all=off uptime,level,tags

Environment Variables:
PATH=C:\Program Files\Common Files\Oracle\Java\javapath;C:\Python312\Scripts\;C:\Python312\;C:\Python311\Scripts\;C:\Python311\;C:\Windows\system32;C:\Windows;C:\Windows\System32\Wbem;C:\Windows\System32\WindowsPowerShell\v1.0\;C:\Windows\System32\OpenSSH\;C:\ProgramData\chocolatey\bin;C:\Program Files\dotnet\;C:\Program Files\Microsoft SQL Server\Client SDK\ODBC\170\Tools\Binn\;C:\Program Files\Azure Data Studio\bin;C:\Program Files (x86)\Microsoft SQL Server\160\Tools\Binn\;C:\Program Files\Microsoft SQL Server\160\Tools\Binn\;C:\Program Files\Microsoft SQL Server\160\DTS\Binn\;C:\Program Files (x86)\Microsoft SQL Server\160\DTS\Binn\;C:\Program Files\Microsoft SQL Server\150\Tools\Binn\;C:\flutter\flutter\bin;C:\Program Files\MongoDB\mongosh-1.10.6-win32-x64\bin;C:\Program Files\MongoDB\Server\6.0\bin;C:\Program Files (x86)\Windows Kits\10\Windows Performance Toolkit\;C:\ProgramData\Microsoft\Windows\Start Menu\Programs\Node.js;C:\Users\Vijay\AppData\Roaming\nvm;C:\Program Files\nodejs;C:\Program Files\nodejs\;C:\Program Files\Git\cmd;C:\Program Files\Microsoft SQL Server\130\Tools\Binn\;C:\Users\Vijay\AppData\Local\Microsoft\WindowsApps;C:\Users\Vijay\AppData\Local\Programs\Microsoft VS Code\bin;C:\Users\Vijay\.dotnet\tools;C:\Program Files\Azure Data Studio\bin;C:\flutter\bin;C:\Users\Vijay\AppData\Roaming\nvm;C:\Program Files\nodejs;C:\Users\Vijay\AppData\Roaming\npm
USERNAME=Vijay
OS=Windows_NT
PROCESSOR_IDENTIFIER=Intel64 Family 6 Model 142 Stepping 12, GenuineIntel
TMP=C:\Users\Vijay\AppData\Local\Temp
TEMP=C:\Users\Vijay\AppData\Local\Temp



Periodic native trim disabled


---------------  S Y S T E M  ---------------

OS:
 Windows 10 , 64 bit Build 19041 (10.0.19041.3636)
OS uptime: 8 days 21:07 hours

CPU: total 8 (initial active 8) (4 cores per cpu, 2 threads per core) family 6 model 142 stepping 12 microcode 0xf8, cx8, cmov, fxsr, ht, mmx, 3dnowpref, sse, sse2, sse3, ssse3, sse4.1, sse4.2, popcnt, lzcnt, tsc, tscinvbit, avx, avx2, aes, erms, clmul, bmi1, bmi2, adx, fma, vzeroupper, clflush, clflushopt
Processor Information for all 8 processors :
  Max Mhz: 2101, Current Mhz: 2101, Mhz Limit: 2101

Memory: 4k page, system-wide physical 7965M (991M free)
TotalPageFile size 25629M (AvailPageFile size 12M)
current process WorkingSet (physical memory assigned to process): 10M, peak: 10M
current process commit charge ("private bytes"): 60M, peak: 186M

vm_info: OpenJDK 64-Bit Server VM (17.0.9+9) for windows-amd64 JRE (17.0.9+9), built on Oct 26 2023 14:01:42 by "admin" with MS VC++ 16.10 / 16.11 (VS2019)

END.
